c:\4-2\graphics lab\lab 3\lighting student version\x64\debug\vc143.pdb
c:\4-2\graphics lab\lab 3\lighting student version\x64\debug\vc143.idb
c:\4-2\graphics lab\lab 3\lighting student version\x64\debug\glad.obj
c:\4-2\graphics lab\1807065_lighting - copy\lighting student version\x64\debug\vc143.pdb
c:\4-2\graphics lab\1807065_lighting - copy\lighting student version\x64\debug\vc143.idb
c:\4-2\graphics lab\1807065_lighting - copy\lighting student version\x64\debug\stb_image.obj
c:\4-2\graphics lab\1807065_lighting - copy\lighting student version\x64\debug\main.obj
c:\4-2\graphics lab\lab 3\lighting student version\x64\debug\lighting.exe
c:\4-2\graphics lab\lab 3\lighting student version\x64\debug\lighting.ilk
c:\4-2\graphics lab\lab 3\lighting student version\x64\debug\lighting.pdb
c:\4-2\graphics lab\test\lighting student version\x64\debug\lighting.exe
c:\4-2\graphics lab\test\lighting student version\x64\debug\lighting.ilk
c:\4-2\graphics lab\test\lighting student version\x64\debug\lighting.pdb
c:\4-2\graphics lab\1807065_lighting\lighting student version\x64\debug\lighting.exe
c:\4-2\graphics lab\1807065_lighting\lighting student version\x64\debug\lighting.ilk
c:\4-2\graphics lab\1807065_lighting\lighting student version\x64\debug\lighting.pdb
c:\4-2\graphics lab\1807065_lighting - copy\lighting student version\x64\debug\lighting.exe
c:\4-2\graphics lab\1807065_lighting - copy\lighting student version\x64\debug\lighting.ilk
c:\4-2\graphics lab\1807065_lighting - copy\lighting student version\x64\debug\lighting.pdb
c:\4-2\graphics lab\1807065_lighting - copy\lighting student version\x64\debug\glad.obj
c:\4-2\graphics lab\1807065_lighting - copy\lighting student version\x64\debug\lighting.tlog\cl.command.1.tlog
c:\4-2\graphics lab\1807065_lighting - copy\lighting student version\x64\debug\lighting.tlog\cl.items.tlog
c:\4-2\graphics lab\1807065_lighting - copy\lighting student version\x64\debug\lighting.tlog\cl.read.1.tlog
c:\4-2\graphics lab\1807065_lighting - copy\lighting student version\x64\debug\lighting.tlog\cl.write.1.tlog
c:\4-2\graphics lab\1807065_lighting - copy\lighting student version\x64\debug\lighting.tlog\link.command.1.tlog
c:\4-2\graphics lab\1807065_lighting - copy\lighting student version\x64\debug\lighting.tlog\link.read.1.tlog
c:\4-2\graphics lab\1807065_lighting - copy\lighting student version\x64\debug\lighting.tlog\link.write.1.tlog
